<?xml version="1.0" encoding="UTF-8"?>
<!-- Generated by org.testng.reporters.JUnitReportReporter -->
<testsuite hostname="LAPTOP-V15DHDLV" failures="0" tests="3" name="loanapplications.HomeLoanApplicationTests" time="0.002" errors="0" timestamp="2022-09-27T21:37:21 IST" skipped="0">
  <testcase classname="loanapplications.HomeLoanApplicationTests" name="CarLoanLoginMobile" time="0.001"/>
  <system-out/>
  <testcase classname="loanapplications.HomeLoanApplicationTests" name="CarLoanLoginWeb" time="0.001"/>
  <system-out/>
  <testcase classname="loanapplications.HomeLoanApplicationTests" name="CarLoanLoginAPI" time="0.000"/>
  <system-out/>
</testsuite> <!-- loanapplications.HomeLoanApplicationTests -->
