<?xml version="1.0" encoding="UTF-8"?>
<!-- Generated by org.testng.reporters.JUnitReportReporter -->
<testsuite hostname="LAPTOP-V15DHDLV" failures="0" tests="1" name="loanapplications.CarLoanApplicationTests" time="0.000" errors="0" timestamp="2022-09-27T21:47:57 IST" skipped="0">
  <testcase classname="loanapplications.CarLoanApplicationTests" name="CarLoanLoginMobile" time="0.000"/>
  <system-out/>
</testsuite> <!-- loanapplications.CarLoanApplicationTests -->
