<?xml version="1.0" encoding="UTF-8"?>
<!-- Generated by org.testng.reporters.JUnitReportReporter -->
<testsuite hostname="LAPTOP-V15DHDLV" failures="0" tests="4" name="test.AppTest" time="63.788" errors="0" timestamp="2022-10-11T21:33:10 IST" skipped="0">
  <testcase classname="test.AppTest" name="LaunchChrome" time="2.021"/>
  <system-out/>
  <testcase classname="test.AppTest" name="Chrome" time="30.405"/>
  <system-out/>
  <testcase classname="test.AppTest" name="LaunchEdge" time="2.006"/>
  <system-out/>
  <testcase classname="test.AppTest" name="Edge" time="29.356"/>
  <system-out/>
</testsuite> <!-- test.AppTest -->
